sample.interval=20000
".External2" "model.frame.default" "<Anonymous>" "eval" "eval" "lm" 
"lazyLoadDBfetch" 
"gc" "system.time" 
"gc" "system.time" 
"system.time" 
"gc" "system.time" 
"gc" "system.time" 
"gc" "system.time" 
"gc" "system.time" 
"gc" "system.time" 
"gc" "system.time" 
"gc" "system.time" 
"gc" "system.time" 
"gc" "system.time" 
"integer" "lapply" "sapply" "replicate" "system.time" 
"integer" "lapply" "sapply" "replicate" "system.time" 
"lapply" "sapply" "replicate" "system.time" 
"gamma" "factorial" "FUN" "lapply" "sapply" "replicate" "system.time" 
"factorial" "FUN" "lapply" "sapply" "replicate" "system.time" 
"FUN" "lapply" "sapply" "replicate" "system.time" 
"FUN" "lapply" "sapply" "replicate" "system.time" 
"FUN" "lapply" "sapply" "replicate" "system.time" 
"lapply" "sapply" "replicate" "system.time" 
"FUN" "lapply" "sapply" "replicate" "system.time" 
"gamma" "factorial" "FUN" "lapply" "sapply" "replicate" "system.time" 
"FUN" "lapply" "sapply" "replicate" "system.time" 
"lapply" "sapply" "replicate" "system.time" 
"FUN" "lapply" "sapply" "replicate" "system.time" 
"factorial" "FUN" "lapply" "sapply" "replicate" "system.time" 
"lapply" "sapply" "replicate" "system.time" 
"lapply" "sapply" "replicate" "system.time" 
"FUN" "lapply" "sapply" "replicate" "system.time" 
"FUN" "lapply" "sapply" "replicate" "system.time" 
"lapply" "sapply" "replicate" "system.time" 
"factorial" "FUN" "lapply" "sapply" "replicate" "system.time" 
"factorial" "FUN" "lapply" "sapply" "replicate" "system.time" 
"factorial" "FUN" "lapply" "sapply" "replicate" "system.time" 
"FUN" "lapply" "sapply" "replicate" "system.time" 
"FUN" "lapply" "sapply" "replicate" "system.time" 
"factorial" "FUN" "lapply" "sapply" "replicate" "system.time" 
"factorial" "FUN" "lapply" "sapply" "replicate" "system.time" 
"lapply" "sapply" "replicate" "system.time" 
"lapply" "sapply" "replicate" "system.time" 
"lapply" "sapply" "replicate" "system.time" 
"gamma" "factorial" "FUN" "lapply" "sapply" "replicate" "system.time" 
"factorial" "FUN" "lapply" "sapply" "replicate" "system.time" 
"FUN" "lapply" "sapply" "replicate" "system.time" 
"factorial" "FUN" "lapply" "sapply" "replicate" "system.time" 
"gamma" "factorial" "FUN" "lapply" "sapply" "replicate" "system.time" 
"factorial" "FUN" "lapply" "sapply" "replicate" "system.time" 
"factorial" "FUN" "lapply" "sapply" "replicate" "system.time" 
"factorial" "FUN" "lapply" "sapply" "replicate" "system.time" 
"factorial" "FUN" "lapply" "sapply" "replicate" "system.time" 
"FUN" "lapply" "sapply" "replicate" "system.time" 
"FUN" "lapply" "sapply" "replicate" "system.time" 
"gamma" "factorial" "FUN" "lapply" "sapply" "replicate" "system.time" 
"FUN" "lapply" "sapply" "replicate" "system.time" 
"FUN" "lapply" "sapply" "replicate" "system.time" 
"lapply" "sapply" "replicate" "system.time" 
"lapply" "sapply" "replicate" "system.time" 
"lapply" "sapply" "replicate" "system.time" 
"lapply" "sapply" "replicate" "system.time" 
"lapply" "sapply" "replicate" "system.time" 
"factorial" "FUN" "lapply" "sapply" "replicate" "system.time" 
"lapply" "sapply" "replicate" "system.time" 
"gamma" "factorial" "FUN" "lapply" "sapply" "replicate" "system.time" 
"factorial" "FUN" "lapply" "sapply" "replicate" "system.time" 
"factorial" "FUN" "lapply" "sapply" "replicate" "system.time" 
"factorial" "FUN" "lapply" "sapply" "replicate" "system.time" 
"gamma" "factorial" "FUN" "lapply" "sapply" "replicate" "system.time" 
"gamma" "factorial" "FUN" "lapply" "sapply" "replicate" "system.time" 
"factorial" "FUN" "lapply" "sapply" "replicate" "system.time" 
"gamma" "factorial" "FUN" "lapply" "sapply" "replicate" "system.time" 
"factorial" "FUN" "lapply" "sapply" "replicate" "system.time" 
"lapply" "sapply" "replicate" "system.time" 
"lapply" "sapply" "replicate" "system.time" 
"lapply" "sapply" "replicate" "system.time" 
"gamma" "factorial" "FUN" "lapply" "sapply" "replicate" "system.time" 
"FUN" "lapply" "sapply" "replicate" "system.time" 
"FUN" "lapply" "sapply" "replicate" "system.time" 
"gamma" "factorial" "FUN" "lapply" "sapply" "replicate" "system.time" 
"lapply" "sapply" "replicate" "system.time" 
"factorial" "FUN" "lapply" "sapply" "replicate" "system.time" 
"lapply" "sapply" "replicate" "system.time" 
"lapply" "sapply" "replicate" "system.time" 
"lapply" "sapply" "replicate" "system.time" 
"factorial" "FUN" "lapply" "sapply" "replicate" "system.time" 
"FUN" "lapply" "sapply" "replicate" "system.time" 
"FUN" "lapply" "sapply" "replicate" "system.time" 
"gamma" "factorial" "FUN" "lapply" "sapply" "replicate" "system.time" 
"FUN" "lapply" "sapply" "replicate" "system.time" 
"lapply" "sapply" "replicate" "system.time" 
"lapply" "sapply" "replicate" "system.time" 
"lapply" "sapply" "replicate" "system.time" 
"lapply" "sapply" "replicate" "system.time" 
"gamma" "factorial" "FUN" "lapply" "sapply" "replicate" "system.time" 
"FUN" "lapply" "sapply" "replicate" "system.time" 
"factorial" "FUN" "lapply" "sapply" "replicate" "system.time" 
"gamma" "factorial" "FUN" "lapply" "sapply" "replicate" "system.time" 
"FUN" "lapply" "sapply" "replicate" "system.time" 
"FUN" "lapply" "sapply" "replicate" "system.time" 
"factorial" "FUN" "lapply" "sapply" "replicate" "system.time" 
"gamma" "factorial" "FUN" "lapply" "sapply" "replicate" "system.time" 
"factorial" "FUN" "lapply" "sapply" "replicate" "system.time" 
"factorial" "FUN" "lapply" "sapply" "replicate" "system.time" 
"factorial" "FUN" "lapply" "sapply" "replicate" "system.time" 
"factorial" "FUN" "lapply" "sapply" "replicate" "system.time" 
"factorial" "FUN" "lapply" "sapply" "replicate" "system.time" 
"gamma" "factorial" "FUN" "lapply" "sapply" "replicate" "system.time" 
"FUN" "lapply" "sapply" "replicate" "system.time" 
"FUN" "lapply" "sapply" "replicate" "system.time" 
"lapply" "unlist" "unique" "simplify2array" "sapply" "replicate" "system.time" 
"lapply" "unlist" "unique" "simplify2array" "sapply" "replicate" "system.time" 
"lapply" "unlist" "unique" "simplify2array" "sapply" "replicate" "system.time" 
"lapply" "unlist" "unique" "simplify2array" "sapply" "replicate" "system.time" 
"lapply" "unlist" "unique" "simplify2array" "sapply" "replicate" "system.time" 
"lapply" "unlist" "unique" "simplify2array" "sapply" "replicate" "system.time" 
"lapply" "unlist" "unique" "simplify2array" "sapply" "replicate" "system.time" 
"lapply" "unlist" "unique" "simplify2array" "sapply" "replicate" "system.time" 
"lapply" "unlist" "unique" "simplify2array" "sapply" "replicate" "system.time" 
"lapply" "unlist" "unique" "simplify2array" "sapply" "replicate" "system.time" 
"lapply" "unlist" "unique" "simplify2array" "sapply" "replicate" "system.time" 
"lapply" "unlist" "unique" "simplify2array" "sapply" "replicate" "system.time" 
"lapply" "unlist" "unique" "simplify2array" "sapply" "replicate" "system.time" 
"lapply" "unlist" "unique" "simplify2array" "sapply" "replicate" "system.time" 
"lapply" "unlist" "unique" "simplify2array" "sapply" "replicate" "system.time" 
"lapply" "unlist" "unique" "simplify2array" "sapply" "replicate" "system.time" 
"FUN" "lapply" "unlist" "unique" "simplify2array" "sapply" "replicate" "system.time" 
"lapply" "unlist" "unique" "simplify2array" "sapply" "replicate" "system.time" 
"lapply" "unlist" "unique" "simplify2array" "sapply" "replicate" "system.time" 
"lapply" "unlist" "unique" "simplify2array" "sapply" "replicate" "system.time" 
"lapply" "unlist" "unique" "simplify2array" "sapply" "replicate" "system.time" 
"lapply" "unlist" "unique" "simplify2array" "sapply" "replicate" "system.time" 
"lapply" "unlist" "unique" "simplify2array" "sapply" "replicate" "system.time" 
"lapply" "unlist" "unique" "simplify2array" "sapply" "replicate" "system.time" 
"lapply" "unlist" "unique" "simplify2array" "sapply" "replicate" "system.time" 
"lapply" "unlist" "unique" "simplify2array" "sapply" "replicate" "system.time" 
"lapply" "unlist" "unique" "simplify2array" "sapply" "replicate" "system.time" 
"lapply" "unlist" "unique" "simplify2array" "sapply" "replicate" "system.time" 
"lapply" "unlist" "unique" "simplify2array" "sapply" "replicate" "system.time" 
"lapply" "unlist" "unique" "simplify2array" "sapply" "replicate" "system.time" 
"lapply" "unlist" "unique" "simplify2array" "sapply" "replicate" "system.time" 
"lapply" "unlist" "unique" "simplify2array" "sapply" "replicate" "system.time" 
"lapply" "unlist" "unique" "simplify2array" "sapply" "replicate" "system.time" 
"lapply" "unlist" "unique" "simplify2array" "sapply" "replicate" "system.time" 
"lapply" "unlist" "unique" "simplify2array" "sapply" "replicate" "system.time" 
"lapply" "unlist" "unique" "simplify2array" "sapply" "replicate" "system.time" 
"FUN" "lapply" "unlist" "unique" "simplify2array" "sapply" "replicate" "system.time" 
"FUN" "lapply" "unlist" "unique" "simplify2array" "sapply" "replicate" "system.time" 
"FUN" "lapply" "unlist" "unique" "simplify2array" "sapply" "replicate" "system.time" 
"FUN" "lapply" "unlist" "unique" "simplify2array" "sapply" "replicate" "system.time" 
"FUN" "lapply" "unlist" "unique" "simplify2array" "sapply" "replicate" "system.time" 
"lapply" "unlist" "unique" "simplify2array" "sapply" "replicate" "system.time" 
"lapply" "unlist" "unique" "simplify2array" "sapply" "replicate" "system.time" 
"lapply" "unlist" "unique" "simplify2array" "sapply" "replicate" "system.time" 
"lapply" "unlist" "unique" "simplify2array" "sapply" "replicate" "system.time" 
"lapply" "unlist" "unique" "simplify2array" "sapply" "replicate" "system.time" 
"lapply" "unlist" "unique" "simplify2array" "sapply" "replicate" "system.time" 
"lapply" "unlist" "unique" "simplify2array" "sapply" "replicate" "system.time" 
"lapply" "unlist" "unique" "simplify2array" "sapply" "replicate" "system.time" 
"lapply" "unlist" "unique" "simplify2array" "sapply" "replicate" "system.time" 
"lapply" "unlist" "unique" "simplify2array" "sapply" "replicate" "system.time" 
"lapply" "unlist" "unique" "simplify2array" "sapply" "replicate" "system.time" 
"lapply" "unlist" "unique" "simplify2array" "sapply" "replicate" "system.time" 
"lapply" "unlist" "unique" "simplify2array" "sapply" "replicate" "system.time" 
"unlist" "unique" "simplify2array" "sapply" "replicate" "system.time" 
"unlist" "unique" "simplify2array" "sapply" "replicate" "system.time" 
"unique.default" "unique" "simplify2array" "sapply" "replicate" "system.time" 
"unique.default" "unique" "simplify2array" "sapply" "replicate" "system.time" 
"unique.default" "unique" "simplify2array" "sapply" "replicate" "system.time" 
"unique.default" "unique" "simplify2array" "sapply" "replicate" "system.time" 
"unique.default" "unique" "simplify2array" "sapply" "replicate" "system.time" 
"unique.default" "unique" "simplify2array" "sapply" "replicate" "system.time" 
"unlist" "simplify2array" "sapply" "replicate" "system.time" 
"gc" "system.time" 
"gc" "system.time" 
"gc" "system.time" 
"integer" "lapply" "sapply" "replicate" "system.time" 
"prod" "FUN" "lapply" "sapply" "replicate" "system.time" 
":" "FUN" "lapply" "sapply" "replicate" "system.time" 
"FUN" "lapply" "sapply" "replicate" "system.time" 
":" "FUN" "lapply" "sapply" "replicate" "system.time" 
"FUN" "lapply" "sapply" "replicate" "system.time" 
"FUN" "lapply" "sapply" "replicate" "system.time" 
":" "FUN" "lapply" "sapply" "replicate" "system.time" 
":" "FUN" "lapply" "sapply" "replicate" "system.time" 
"prod" "FUN" "lapply" "sapply" "replicate" "system.time" 
"prod" "FUN" "lapply" "sapply" "replicate" "system.time" 
"prod" "FUN" "lapply" "sapply" "replicate" "system.time" 
"prod" "FUN" "lapply" "sapply" "replicate" "system.time" 
"FUN" "lapply" "sapply" "replicate" "system.time" 
":" "FUN" "lapply" "sapply" "replicate" "system.time" 
"lapply" "sapply" "replicate" "system.time" 
":" "FUN" "lapply" "sapply" "replicate" "system.time" 
"prod" "FUN" "lapply" "sapply" "replicate" "system.time" 
"prod" "FUN" "lapply" "sapply" "replicate" "system.time" 
"prod" "FUN" "lapply" "sapply" "replicate" "system.time" 
":" "FUN" "lapply" "sapply" "replicate" "system.time" 
":" "FUN" "lapply" "sapply" "replicate" "system.time" 
":" "FUN" "lapply" "sapply" "replicate" "system.time" 
":" "FUN" "lapply" "sapply" "replicate" "system.time" 
"prod" "FUN" "lapply" "sapply" "replicate" "system.time" 
":" "FUN" "lapply" "sapply" "replicate" "system.time" 
":" "FUN" "lapply" "sapply" "replicate" "system.time" 
":" "FUN" "lapply" "sapply" "replicate" "system.time" 
"FUN" "lapply" "sapply" "replicate" "system.time" 
"prod" "FUN" "lapply" "sapply" "replicate" "system.time" 
"prod" "FUN" "lapply" "sapply" "replicate" "system.time" 
"FUN" "lapply" "sapply" "replicate" "system.time" 
":" "FUN" "lapply" "sapply" "replicate" "system.time" 
":" "FUN" "lapply" "sapply" "replicate" "system.time" 
"lapply" "sapply" "replicate" "system.time" 
"prod" "FUN" "lapply" "sapply" "replicate" "system.time" 
":" "FUN" "lapply" "sapply" "replicate" "system.time" 
"prod" "FUN" "lapply" "sapply" "replicate" "system.time" 
"prod" "FUN" "lapply" "sapply" "replicate" "system.time" 
":" "FUN" "lapply" "sapply" "replicate" "system.time" 
"lapply" "sapply" "replicate" "system.time" 
":" "FUN" "lapply" "sapply" "replicate" "system.time" 
"FUN" "lapply" "sapply" "replicate" "system.time" 
":" "FUN" "lapply" "sapply" "replicate" "system.time" 
":" "FUN" "lapply" "sapply" "replicate" "system.time" 
"prod" "FUN" "lapply" "sapply" "replicate" "system.time" 
":" "FUN" "lapply" "sapply" "replicate" "system.time" 
"FUN" "lapply" "sapply" "replicate" "system.time" 
"prod" "FUN" "lapply" "sapply" "replicate" "system.time" 
"lapply" "sapply" "replicate" "system.time" 
":" "FUN" "lapply" "sapply" "replicate" "system.time" 
":" "FUN" "lapply" "sapply" "replicate" "system.time" 
"prod" "FUN" "lapply" "sapply" "replicate" "system.time" 
":" "FUN" "lapply" "sapply" "replicate" "system.time" 
":" "FUN" "lapply" "sapply" "replicate" "system.time" 
"lapply" "sapply" "replicate" "system.time" 
"prod" "FUN" "lapply" "sapply" "replicate" "system.time" 
"prod" "FUN" "lapply" "sapply" "replicate" "system.time" 
"lapply" "sapply" "replicate" "system.time" 
"prod" "FUN" "lapply" "sapply" "replicate" "system.time" 
":" "FUN" "lapply" "sapply" "replicate" "system.time" 
"prod" "FUN" "lapply" "sapply" "replicate" "system.time" 
":" "FUN" "lapply" "sapply" "replicate" "system.time" 
"prod" "FUN" "lapply" "sapply" "replicate" "system.time" 
"prod" "FUN" "lapply" "sapply" "replicate" "system.time" 
"prod" "FUN" "lapply" "sapply" "replicate" "system.time" 
"prod" "FUN" "lapply" "sapply" "replicate" "system.time" 
":" "FUN" "lapply" "sapply" "replicate" "system.time" 
":" "FUN" "lapply" "sapply" "replicate" "system.time" 
"FUN" "lapply" "sapply" "replicate" "system.time" 
":" "FUN" "lapply" "sapply" "replicate" "system.time" 
"FUN" "lapply" "sapply" "replicate" "system.time" 
"prod" "FUN" "lapply" "sapply" "replicate" "system.time" 
"FUN" "lapply" "sapply" "replicate" "system.time" 
":" "FUN" "lapply" "sapply" "replicate" "system.time" 
":" "FUN" "lapply" "sapply" "replicate" "system.time" 
":" "FUN" "lapply" "sapply" "replicate" "system.time" 
":" "FUN" "lapply" "sapply" "replicate" "system.time" 
":" "FUN" "lapply" "sapply" "replicate" "system.time" 
":" "FUN" "lapply" "sapply" "replicate" "system.time" 
"prod" "FUN" "lapply" "sapply" "replicate" "system.time" 
":" "FUN" "lapply" "sapply" "replicate" "system.time" 
":" "FUN" "lapply" "sapply" "replicate" "system.time" 
"FUN" "lapply" "sapply" "replicate" "system.time" 
":" "FUN" "lapply" "sapply" "replicate" "system.time" 
"FUN" "lapply" "sapply" "replicate" "system.time" 
":" "FUN" "lapply" "sapply" "replicate" "system.time" 
"prod" "FUN" "lapply" "sapply" "replicate" "system.time" 
"FUN" "lapply" "sapply" "replicate" "system.time" 
":" "FUN" "lapply" "sapply" "replicate" "system.time" 
"FUN" "lapply" "sapply" "replicate" "system.time" 
"prod" "FUN" "lapply" "sapply" "replicate" "system.time" 
":" "FUN" "lapply" "sapply" "replicate" "system.time" 
"FUN" "lapply" "sapply" "replicate" "system.time" 
"FUN" "lapply" "sapply" "replicate" "system.time" 
"FUN" "lapply" "sapply" "replicate" "system.time" 
"prod" "FUN" "lapply" "sapply" "replicate" "system.time" 
"prod" "FUN" "lapply" "sapply" "replicate" "system.time" 
"FUN" "lapply" "sapply" "replicate" "system.time" 
"prod" "FUN" "lapply" "sapply" "replicate" "system.time" 
"FUN" "lapply" "sapply" "replicate" "system.time" 
":" "FUN" "lapply" "sapply" "replicate" "system.time" 
":" "FUN" "lapply" "sapply" "replicate" "system.time" 
":" "FUN" "lapply" "sapply" "replicate" "system.time" 
"prod" "FUN" "lapply" "sapply" "replicate" "system.time" 
"FUN" "lapply" "sapply" "replicate" "system.time" 
"prod" "FUN" "lapply" "sapply" "replicate" "system.time" 
":" "FUN" "lapply" "sapply" "replicate" "system.time" 
"prod" "FUN" "lapply" "sapply" "replicate" "system.time" 
":" "FUN" "lapply" "sapply" "replicate" "system.time" 
"lapply" "unlist" "unique" "simplify2array" "sapply" "replicate" "system.time" 
"lapply" "unlist" "unique" "simplify2array" "sapply" "replicate" "system.time" 
"lapply" "unlist" "unique" "simplify2array" "sapply" "replicate" "system.time" 
"FUN" "lapply" "unlist" "unique" "simplify2array" "sapply" "replicate" "system.time" 
"lapply" "unlist" "unique" "simplify2array" "sapply" "replicate" "system.time" 
"lapply" "unlist" "unique" "simplify2array" "sapply" "replicate" "system.time" 
"lapply" "unlist" "unique" "simplify2array" "sapply" "replicate" "system.time" 
"lapply" "unlist" "unique" "simplify2array" "sapply" "replicate" "system.time" 
"lapply" "unlist" "unique" "simplify2array" "sapply" "replicate" "system.time" 
"lapply" "unlist" "unique" "simplify2array" "sapply" "replicate" "system.time" 
"lapply" "unlist" "unique" "simplify2array" "sapply" "replicate" "system.time" 
"lapply" "unlist" "unique" "simplify2array" "sapply" "replicate" "system.time" 
"lapply" "unlist" "unique" "simplify2array" "sapply" "replicate" "system.time" 
"lapply" "unlist" "unique" "simplify2array" "sapply" "replicate" "system.time" 
"lapply" "unlist" "unique" "simplify2array" "sapply" "replicate" "system.time" 
"lapply" "unlist" "unique" "simplify2array" "sapply" "replicate" "system.time" 
"lapply" "unlist" "unique" "simplify2array" "sapply" "replicate" "system.time" 
"lapply" "unlist" "unique" "simplify2array" "sapply" "replicate" "system.time" 
"lapply" "unlist" "unique" "simplify2array" "sapply" "replicate" "system.time" 
"lapply" "unlist" "unique" "simplify2array" "sapply" "replicate" "system.time" 
"lapply" "unlist" "unique" "simplify2array" "sapply" "replicate" "system.time" 
"lapply" "unlist" "unique" "simplify2array" "sapply" "replicate" "system.time" 
"lapply" "unlist" "unique" "simplify2array" "sapply" "replicate" "system.time" 
"lapply" "unlist" "unique" "simplify2array" "sapply" "replicate" "system.time" 
"lapply" "unlist" "unique" "simplify2array" "sapply" "replicate" "system.time" 
"lapply" "unlist" "unique" "simplify2array" "sapply" "replicate" "system.time" 
"lapply" "unlist" "unique" "simplify2array" "sapply" "replicate" "system.time" 
"lapply" "unlist" "unique" "simplify2array" "sapply" "replicate" "system.time" 
"FUN" "lapply" "unlist" "unique" "simplify2array" "sapply" "replicate" "system.time" 
"lapply" "unlist" "unique" "simplify2array" "sapply" "replicate" "system.time" 
"lapply" "unlist" "unique" "simplify2array" "sapply" "replicate" "system.time" 
"lapply" "unlist" "unique" "simplify2array" "sapply" "replicate" "system.time" 
"FUN" "lapply" "unlist" "unique" "simplify2array" "sapply" "replicate" "system.time" 
"FUN" "lapply" "unlist" "unique" "simplify2array" "sapply" "replicate" "system.time" 
"FUN" "lapply" "unlist" "unique" "simplify2array" "sapply" "replicate" "system.time" 
"FUN" "lapply" "unlist" "unique" "simplify2array" "sapply" "replicate" "system.time" 
"FUN" "lapply" "unlist" "unique" "simplify2array" "sapply" "replicate" "system.time" 
"FUN" "lapply" "unlist" "unique" "simplify2array" "sapply" "replicate" "system.time" 
"FUN" "lapply" "unlist" "unique" "simplify2array" "sapply" "replicate" "system.time" 
"FUN" "lapply" "unlist" "unique" "simplify2array" "sapply" "replicate" "system.time" 
"FUN" "lapply" "unlist" "unique" "simplify2array" "sapply" "replicate" "system.time" 
"FUN" "lapply" "unlist" "unique" "simplify2array" "sapply" "replicate" "system.time" 
"FUN" "lapply" "unlist" "unique" "simplify2array" "sapply" "replicate" "system.time" 
"lapply" "unlist" "unique" "simplify2array" "sapply" "replicate" "system.time" 
"lapply" "unlist" "unique" "simplify2array" "sapply" "replicate" "system.time" 
"lapply" "unlist" "unique" "simplify2array" "sapply" "replicate" "system.time" 
"lapply" "unlist" "unique" "simplify2array" "sapply" "replicate" "system.time" 
"lapply" "unlist" "unique" "simplify2array" "sapply" "replicate" "system.time" 
"lapply" "unlist" "unique" "simplify2array" "sapply" "replicate" "system.time" 
"lapply" "unlist" "unique" "simplify2array" "sapply" "replicate" "system.time" 
"lapply" "unlist" "unique" "simplify2array" "sapply" "replicate" "system.time" 
"lapply" "unlist" "unique" "simplify2array" "sapply" "replicate" "system.time" 
"lapply" "unlist" "unique" "simplify2array" "sapply" "replicate" "system.time" 
"lapply" "unlist" "unique" "simplify2array" "sapply" "replicate" "system.time" 
"lapply" "unlist" "unique" "simplify2array" "sapply" "replicate" "system.time" 
"lapply" "unlist" "unique" "simplify2array" "sapply" "replicate" "system.time" 
"lapply" "unlist" "unique" "simplify2array" "sapply" "replicate" "system.time" 
"lapply" "unlist" "unique" "simplify2array" "sapply" "replicate" "system.time" 
"lapply" "unlist" "unique" "simplify2array" "sapply" "replicate" "system.time" 
"lapply" "unlist" "unique" "simplify2array" "sapply" "replicate" "system.time" 
"lapply" "unlist" "unique" "simplify2array" "sapply" "replicate" "system.time" 
"lapply" "unlist" "unique" "simplify2array" "sapply" "replicate" "system.time" 
"FUN" "lapply" "unlist" "unique" "simplify2array" "sapply" "replicate" "system.time" 
"FUN" "lapply" "unlist" "unique" "simplify2array" "sapply" "replicate" "system.time" 
"FUN" "lapply" "unlist" "unique" "simplify2array" "sapply" "replicate" "system.time" 
"FUN" "lapply" "unlist" "unique" "simplify2array" "sapply" "replicate" "system.time" 
"FUN" "lapply" "unlist" "unique" "simplify2array" "sapply" "replicate" "system.time" 
"FUN" "lapply" "unlist" "unique" "simplify2array" "sapply" "replicate" "system.time" 
"FUN" "lapply" "unlist" "unique" "simplify2array" "sapply" "replicate" "system.time" 
"FUN" "lapply" "unlist" "unique" "simplify2array" "sapply" "replicate" "system.time" 
"FUN" "lapply" "unlist" "unique" "simplify2array" "sapply" "replicate" "system.time" 
"FUN" "lapply" "unlist" "unique" "simplify2array" "sapply" "replicate" "system.time" 
"FUN" "lapply" "unlist" "unique" "simplify2array" "sapply" "replicate" "system.time" 
"FUN" "lapply" "unlist" "unique" "simplify2array" "sapply" "replicate" "system.time" 
"unlist" "unique" "simplify2array" "sapply" "replicate" "system.time" 
"unlist" "unique" "simplify2array" "sapply" "replicate" "system.time" 
"unique.default" "unique" "simplify2array" "sapply" "replicate" "system.time" 
"unique.default" "unique" "simplify2array" "sapply" "replicate" "system.time" 
"unique.default" "unique" "simplify2array" "sapply" "replicate" "system.time" 
"unique.default" "unique" "simplify2array" "sapply" "replicate" "system.time" 
"unique.default" "unique" "simplify2array" "sapply" "replicate" "system.time" 
"unique.default" "unique" "simplify2array" "sapply" "replicate" "system.time" 
"unique.default" "unique" "simplify2array" "sapply" "replicate" "system.time" 
"unique.default" "unique" "simplify2array" "sapply" "replicate" "system.time" 
"unique.default" "unique" "simplify2array" "sapply" "replicate" "system.time" 
"unique.default" "unique" "simplify2array" "sapply" "replicate" "system.time" 
"unique.default" "unique" "simplify2array" "sapply" "replicate" "system.time" 
"unique.default" "unique" "simplify2array" "sapply" "replicate" "system.time" 
"unlist" "simplify2array" "sapply" "replicate" "system.time" 
"unlist" "simplify2array" "sapply" "replicate" "system.time" 
"unlist" "simplify2array" "sapply" "replicate" "system.time" 
"q" 
"q" 
"q" 
"q" 
"q" 
"q" 
"q" 
"q" 
"q" 
"q" 
"q" 
"q" 
"q" 
"q" 
"q" 
"q" 
"q" 
"q" 
"q" 
"q" 
"q" 
"q" 
"q" 
"q" 
"q" 
"q" 
"q" 
"q" 
"q" 
"q" 
"q" 
"q" 
"q" 
"q" 
"q" 
"q" 
"q" 
